xrun(64): 23.09-s013: (c) Copyright 1995-2024 Cadence Design Systems, Inc.
TOOL:	xrun(64)	23.09-s013: Started on Mar 17, 2025 at 19:46:34 UTC
xrun
	-f list.f
		full_node_tree.v
		nodes.v
		encoder.v
		sum_and_decoder.v
		full_node_tree_tb.v
	-access +r
	+gui
	-sv
	-s
SOFTINCLUDE $XPEDION/aa/cds.lib
|
xrun: *W,DLCVAR (/tools/rccad/RC2SKILL/1.0/cds.site.lib,12): cds.lib Invalid environment variable ''.
SOFTINCLUDE $EMXHOME/emxinterface/cds.lib
|
xrun: *W,DLCVAR (/tools/rccad/RC2SKILL/1.0/cds.site.lib,14): cds.lib Invalid environment variable ''.
SOFTINCLUDE $XPEDION/aa/cds.lib
|
xrun: *W,DLCVAR (/tools/rccad/RC2SKILL/1.0/cds.site.lib,12): cds.lib Invalid environment variable ''.
SOFTINCLUDE $EMXHOME/emxinterface/cds.lib
|
xrun: *W,DLCVAR (/tools/rccad/RC2SKILL/1.0/cds.site.lib,14): cds.lib Invalid environment variable ''.
SOFTINCLUDE $XPEDION/aa/cds.lib
|
xrun: *W,DLCVAR (/tools/rccad/RC2SKILL/1.0/cds.site.lib,12): cds.lib Invalid environment variable ''.
SOFTINCLUDE $EMXHOME/emxinterface/cds.lib
|
xrun: *W,DLCVAR (/tools/rccad/RC2SKILL/1.0/cds.site.lib,14): cds.lib Invalid environment variable ''.
SOFTINCLUDE $XPEDION/aa/cds.lib
|
xrun: *W,DLCVAR (/tools/rccad/RC2SKILL/1.0/cds.site.lib,12): cds.lib Invalid environment variable ''.
SOFTINCLUDE $EMXHOME/emxinterface/cds.lib
|
xrun: *W,DLCVAR (/tools/rccad/RC2SKILL/1.0/cds.site.lib,14): cds.lib Invalid environment variable ''.
Recompiling... reason: file './full_node_tree.v' is newer than expected.
	expected: Mon Mar 17 19:45:52 2025
	actual:   Mon Mar 17 19:46:29 2025
SOFTINCLUDE $XPEDION/aa/cds.lib
|
xrun: *W,DLCVAR (/tools/rccad/RC2SKILL/1.0/cds.site.lib,12): cds.lib Invalid environment variable ''.
SOFTINCLUDE $EMXHOME/emxinterface/cds.lib
|
xrun: *W,DLCVAR (/tools/rccad/RC2SKILL/1.0/cds.site.lib,14): cds.lib Invalid environment variable ''.
SOFTINCLUDE $XPEDION/aa/cds.lib
|
xmvlog: *W,DLCVAR (/tools/rccad/RC2SKILL/1.0/cds.site.lib,12): cds.lib Invalid environment variable ''.
SOFTINCLUDE $EMXHOME/emxinterface/cds.lib
|
xmvlog: *W,DLCVAR (/tools/rccad/RC2SKILL/1.0/cds.site.lib,14): cds.lib Invalid environment variable ''.
file: full_node_tree.v
	module worklib.Full_Node_Tree:v
		errors: 0, warnings: 0
	Total errors/warnings found outside modules and primitives:
		errors: 0, warnings: 2
SOFTINCLUDE $XPEDION/aa/cds.lib
|
xrun: *W,DLCVAR (/tools/rccad/RC2SKILL/1.0/cds.site.lib,12): cds.lib Invalid environment variable ''.
SOFTINCLUDE $EMXHOME/emxinterface/cds.lib
|
xrun: *W,DLCVAR (/tools/rccad/RC2SKILL/1.0/cds.site.lib,14): cds.lib Invalid environment variable ''.
SOFTINCLUDE $XPEDION/aa/cds.lib
|
xrun: *W,DLCVAR (/tools/rccad/RC2SKILL/1.0/cds.site.lib,12): cds.lib Invalid environment variable ''.
SOFTINCLUDE $EMXHOME/emxinterface/cds.lib
|
xrun: *W,DLCVAR (/tools/rccad/RC2SKILL/1.0/cds.site.lib,14): cds.lib Invalid environment variable ''.
SOFTINCLUDE $XPEDION/aa/cds.lib
|
xmelab: *W,DLCVAR (/tools/rccad/RC2SKILL/1.0/cds.site.lib,12): cds.lib Invalid environment variable ''.
SOFTINCLUDE $EMXHOME/emxinterface/cds.lib
|
xmelab: *W,DLCVAR (/tools/rccad/RC2SKILL/1.0/cds.site.lib,14): cds.lib Invalid environment variable ''.
		Caching library 'worklib' ....... Done
	Elaborating the design hierarchy:
    ) fullNodeTree (
                 |
xmelab: *W,CUVWSP (./full_node_tree_tb.v,24|17): 1 output port was not connected:
xmelab: (./full_node_tree.v,11): subset

	Top level design units:
		Full_Node_Tree_tb
                  LeftDownNode left_node (
                                       |
xmelab: *W,CUVWSP (./full_node_tree.v,73|39): 1 output port was not connected:
xmelab: (./nodes.v,8): d_next

                  GeneralNode general_node (
                                         |
xmelab: *W,CUVWSP (./full_node_tree.v,90|41): 1 output port was not connected:
xmelab: (./nodes.v,23): d_next

                  RightDiagonalNode right_node (
                                             |
xmelab: *W,CUVWSP (./full_node_tree.v,107|45): 1 output port was not connected:
xmelab: (./nodes.v,38): d_next

        .target(target),
                     |
xmelab: *W,CUVMPW (./full_node_tree_tb.v,27|21): port sizes differ in port connection(8/7) for the instance(Full_Node_Tree_tb) .
        .y(last_signals)
                      |
xmelab: *W,CUVMPW (./full_node_tree.v,33|22): port sizes differ in port connection(75/80) for the instance(Full_Node_Tree_tb.fullNodeTree) .
        .encoded_output(control_signals)
                                      |
xmelab: *W,CUVMPW (./full_node_tree.v,39|38): port sizes differ in port connection(75/76) for the instance(Full_Node_Tree_tb.fullNodeTree) .
	Building instance overlay tables: .................... Done
	Generating native compiled code:
SOFTINCLUDE $XPEDION/aa/cds.lib
|
xmvlog_cg: *W,DLCVAR (/tools/rccad/RC2SKILL/1.0/cds.site.lib,12): cds.lib Invalid environment variable ''.
SOFTINCLUDE $EMXHOME/emxinterface/cds.lib
|
xmvlog_cg: *W,DLCVAR (/tools/rccad/RC2SKILL/1.0/cds.site.lib,14): cds.lib Invalid environment variable ''.
		worklib.Full_Node_Tree:v <0x1e1c8f11>
			streams:   7, words:  5236
	Building instance specific data structures.
	Loading native compiled code:     .................... Done
	Design hierarchy summary:
		                Instances  Unique
		Modules:             2854       8
		Registers:             24      24
		Scalar wires:        5707       -
		Expanded wires:       156       2
		Vectored wires:        13       -
		Always blocks:          5       5
		Initial blocks:         1       1
		Cont. assignments:     15      13
		Pseudo assignments:     2       -
		Process Clocks:         1       1
	Writing initial simulation snapshot: worklib.Full_Node_Tree_tb:v
SOFTINCLUDE $XPEDION/aa/cds.lib
|
xmsim: *W,DLCVAR (/tools/rccad/RC2SKILL/1.0/cds.site.lib,12): cds.lib Invalid environment variable ''.
SOFTINCLUDE $EMXHOME/emxinterface/cds.lib
|
xmsim: *W,DLCVAR (/tools/rccad/RC2SKILL/1.0/cds.site.lib,14): cds.lib Invalid environment variable ''.
xmsim: *W,NOMTDGUI: Multi-Threaded Dumping is disabled for interactive debug mode.
xcelium> 
xcelium> source /tools/cadence/XCELIUM/23.09.013/tools/xcelium/files/xmsimrc
xcelium> 
-------------------------------------
Relinquished control to SimVision...
# Restoring simulation environment...
xcelium> input -quiet .reinvoke.sim
xcelium> file delete .reinvoke.sim
xcelium> run
Starting simulation...
Starting Test 2:
ssp_num:  8
ssp_num: 12
start verification...
Test passed: isTargetMet=1
Testbench completed
Simulation complete via $finish(1) at time 16 NS + 0
./full_node_tree_tb.v:110         $finish;
xcelium> ^C
xcelium> exit
TOOL:	xrun(64)	23.09-s013: Exiting on Mar 17, 2025 at 19:49:00 UTC  (total: 00:02:26)
